<?xml version="1.0" encoding="UTF-8"?>
<testng-results skipped="0" failed="0" ignored="0" total="1" passed="1">
  <reporter-output>
  </reporter-output>
  <suite name="Suite" duration-ms="73404" started-at="2018-07-26T15:32:09Z" finished-at="2018-07-26T15:33:22Z">
    <groups>
    </groups>
    <test name="Test" duration-ms="73404" started-at="2018-07-26T15:32:09Z" finished-at="2018-07-26T15:33:22Z">
      <class name="testScenarios.Home">
        <test-method status="PASS" signature="setup(java.lang.String)[pri:0, instance:testScenarios.Home@18be83e4]" name="setup" is-config="true" duration-ms="17074" started-at="2018-07-26T17:32:09Z" finished-at="2018-07-26T17:32:26Z">
          <params>
            <param index="0">
              <value>
                <![CDATA[iOS]]>
              </value>
            </param>
          </params>
          <reporter-output>
          </reporter-output>
        </test-method> <!-- setup -->
        <test-method status="PASS" signature="openPLScreen()[pri:0, instance:testScenarios.Home@18be83e4]" name="openPLScreen" duration-ms="56311" started-at="2018-07-26T17:32:26Z" finished-at="2018-07-26T17:33:22Z">
          <reporter-output>
          </reporter-output>
        </test-method> <!-- openPLScreen -->
        <test-method status="PASS" signature="tearDown(org.testng.ITestResult)[pri:0, instance:testScenarios.Home@18be83e4]" name="tearDown" is-config="true" duration-ms="0" started-at="2018-07-26T17:33:22Z" finished-at="2018-07-26T17:33:22Z">
          <params>
            <param index="0">
              <value>
                <![CDATA[[TestResult name=openPLScreen status=SUCCESS method=Home.openPLScreen()[pri:0, instance:testScenarios.Home@18be83e4] output={null}]]]>
              </value>
            </param>
          </params>
          <reporter-output>
          </reporter-output>
        </test-method> <!-- tearDown -->
      </class> <!-- testScenarios.Home -->
    </test> <!-- Test -->
  </suite> <!-- Suite -->
</testng-results>
